d:\cplus_project\arg\arg\bin\intermediates\x64\debug\vc143.pdb
d:\cplus_project\arg\arg\bin\intermediates\x64\debug\vc143.idb
d:\cplus_project\arg\arg\bin\intermediates\x64\debug\start.obj
d:\cplus_project\arg\arg\bin\intermediates\x64\debug\stack.obj
d:\cplus_project\arg\arg\bin\intermediates\x64\debug\exception.obj
d:\cplus_project\arg\arg\bin\intermediates\x64\debug\const.obj
d:\cplus_project\arg\arg\bin\intermediates\x64\debug\vertexbuffer.obj
d:\cplus_project\arg\arg\bin\intermediates\x64\debug\renderer.obj
d:\cplus_project\arg\arg\bin\intermediates\x64\debug\indexbuffer.obj
d:\cplus_project\arg\arg\bin\x64\debug\running.exe
d:\cplus_project\arg\arg\bin\intermediates\x64\debug\running.ilk
d:\cplus_project\arg\arg\bin\x64\debug\running.pdb
d:\cplus_project\arg\arg\bin\intermediates\x64\debug\render.obj
d:\cplus_project\arg\arg\bin\intermediates\x64\debug\project1.vcxproj.filelistabsolute.txt
d:\cplus_project\arg\arg\bin\intermediates\x64\debug\running.tlog\cl.command.1.tlog
d:\cplus_project\arg\arg\bin\intermediates\x64\debug\running.tlog\cl.read.1.tlog
d:\cplus_project\arg\arg\bin\intermediates\x64\debug\running.tlog\cl.write.1.tlog
d:\cplus_project\arg\arg\bin\intermediates\x64\debug\running.tlog\link.command.1.tlog
d:\cplus_project\arg\arg\bin\intermediates\x64\debug\running.tlog\link.read.1.tlog
d:\cplus_project\arg\arg\bin\intermediates\x64\debug\running.tlog\link.write.1.tlog
